{
  "stats": {
    "suites": 1,
    "tests": 70,
    "passes": 53,
    "pending": 0,
    "failures": 17,
    "start": "2022-11-18T01:24:03.218Z",
    "end": "2022-11-18T01:32:10.913Z",
    "duration": 487695,
    "testsRegistered": 70,
    "passPercent": 75.71428571428571,
    "pendingPercent": 0,
    "other": 0,
    "hasOther": false,
    "skipped": 0,
    "hasSkipped": false
  },
  "results": [
    {
      "uuid": "c8670827-edd8-4010-a30c-55ff9f9d6e3e",
      "title": "",
      "fullFile": "cypress\\e2e\\addToCart-ShopAllcheckSizePart2-SM.cy.js",
      "file": "cypress\\e2e\\addToCart-ShopAllcheckSizePart2-SM.cy.js",
      "beforeHooks": [],
      "afterHooks": [],
      "tests": [],
      "suites": [
        {
          "uuid": "996906ba-6d66-440a-a0c0-5bc0de7c38df",
          "title": "Start of test for href and check size MD is available",
          "fullFile": "",
          "file": "",
          "beforeHooks": [],
          "afterHooks": [],
          "tests": [
            {
              "title": "Visits page /products/reptile-stripe-mesh-bralette div.swatch-element.md",
              "fullTitle": "Start of test for href and check size MD is available Visits page /products/reptile-stripe-mesh-bralette div.swatch-element.md",
              "timedOut": null,
              "duration": 10906,
              "state": "passed",
              "speed": "slow",
              "pass": true,
              "fail": false,
              "pending": false,
              "context": null,
              "code": "cy.visit(pdps[i]); // getIframeBody().find('#closeIconContainer').should('have.class', 'css-upw05v').click();\n// console.log(JSON.stringify(pdps))\ncy.wait(1000);\ncy.get(`.proVariants ${size}`).then($size => {\n  if ($size.hasClass('soldout')) {\n    expect('soldout').to.equal('available');\n  } else if ($size.hasClass('available')) {\n    expect('available').to.equal('available');\n  } else {\n    throw new Error('did not see available or solout ');\n  }\n});",
              "err": {},
              "uuid": "0c4ab517-19dc-479f-bbdb-2a90536dcec4",
              "parentUUID": "996906ba-6d66-440a-a0c0-5bc0de7c38df",
              "isHook": false,
              "skipped": false
            },
            {
              "title": "Visits page /products/reptile-stripe-mesh-brief div.swatch-element.md",
              "fullTitle": "Start of test for href and check size MD is available Visits page /products/reptile-stripe-mesh-brief div.swatch-element.md",
              "timedOut": null,
              "duration": 7128,
              "state": "passed",
              "speed": "medium",
              "pass": true,
              "fail": false,
              "pending": false,
              "context": null,
              "code": "cy.visit(pdps[i]); // getIframeBody().find('#closeIconContainer').should('have.class', 'css-upw05v').click();\n// console.log(JSON.stringify(pdps))\ncy.wait(1000);\ncy.get(`.proVariants ${size}`).then($size => {\n  if ($size.hasClass('soldout')) {\n    expect('soldout').to.equal('available');\n  } else if ($size.hasClass('available')) {\n    expect('available').to.equal('available');\n  } else {\n    throw new Error('did not see available or solout ');\n  }\n});",
              "err": {},
              "uuid": "f9a0f824-5ed8-4351-8aae-0d457a68d123",
              "parentUUID": "996906ba-6d66-440a-a0c0-5bc0de7c38df",
              "isHook": false,
              "skipped": false
            },
            {
              "title": "Visits page /products/castle-wall-support-bralette div.swatch-element.md",
              "fullTitle": "Start of test for href and check size MD is available Visits page /products/castle-wall-support-bralette div.swatch-element.md",
              "timedOut": null,
              "duration": 9016,
              "state": "passed",
              "speed": "medium",
              "pass": true,
              "fail": false,
              "pending": false,
              "context": null,
              "code": "cy.visit(pdps[i]); // getIframeBody().find('#closeIconContainer').should('have.class', 'css-upw05v').click();\n// console.log(JSON.stringify(pdps))\ncy.wait(1000);\ncy.get(`.proVariants ${size}`).then($size => {\n  if ($size.hasClass('soldout')) {\n    expect('soldout').to.equal('available');\n  } else if ($size.hasClass('available')) {\n    expect('available').to.equal('available');\n  } else {\n    throw new Error('did not see available or solout ');\n  }\n});",
              "err": {},
              "uuid": "8dadede6-7a95-4917-9356-43ba8c360b46",
              "parentUUID": "996906ba-6d66-440a-a0c0-5bc0de7c38df",
              "isHook": false,
              "skipped": false
            },
            {
              "title": "Visits page /products/castle-wall-brief-panties div.swatch-element.md",
              "fullTitle": "Start of test for href and check size MD is available Visits page /products/castle-wall-brief-panties div.swatch-element.md",
              "timedOut": null,
              "duration": 7674,
              "state": "passed",
              "speed": "medium",
              "pass": true,
              "fail": false,
              "pending": false,
              "context": null,
              "code": "cy.visit(pdps[i]); // getIframeBody().find('#closeIconContainer').should('have.class', 'css-upw05v').click();\n// console.log(JSON.stringify(pdps))\ncy.wait(1000);\ncy.get(`.proVariants ${size}`).then($size => {\n  if ($size.hasClass('soldout')) {\n    expect('soldout').to.equal('available');\n  } else if ($size.hasClass('available')) {\n    expect('available').to.equal('available');\n  } else {\n    throw new Error('did not see available or solout ');\n  }\n});",
              "err": {},
              "uuid": "1fadf6fa-80d3-4614-9e3e-4b150ca7f089",
              "parentUUID": "996906ba-6d66-440a-a0c0-5bc0de7c38df",
              "isHook": false,
              "skipped": false
            },
            {
              "title": "Visits page /products/nude-bralette div.swatch-element.md",
              "fullTitle": "Start of test for href and check size MD is available Visits page /products/nude-bralette div.swatch-element.md",
              "timedOut": null,
              "duration": 7978,
              "state": "passed",
              "speed": "medium",
              "pass": true,
              "fail": false,
              "pending": false,
              "context": null,
              "code": "cy.visit(pdps[i]); // getIframeBody().find('#closeIconContainer').should('have.class', 'css-upw05v').click();\n// console.log(JSON.stringify(pdps))\ncy.wait(1000);\ncy.get(`.proVariants ${size}`).then($size => {\n  if ($size.hasClass('soldout')) {\n    expect('soldout').to.equal('available');\n  } else if ($size.hasClass('available')) {\n    expect('available').to.equal('available');\n  } else {\n    throw new Error('did not see available or solout ');\n  }\n});",
              "err": {},
              "uuid": "6c780bd6-be61-448e-9043-8053c4b09223",
              "parentUUID": "996906ba-6d66-440a-a0c0-5bc0de7c38df",
              "isHook": false,
              "skipped": false
            },
            {
              "title": "Visits page /products/nude-bikini-panties div.swatch-element.md",
              "fullTitle": "Start of test for href and check size MD is available Visits page /products/nude-bikini-panties div.swatch-element.md",
              "timedOut": null,
              "duration": 9100,
              "state": "passed",
              "speed": "medium",
              "pass": true,
              "fail": false,
              "pending": false,
              "context": null,
              "code": "cy.visit(pdps[i]); // getIframeBody().find('#closeIconContainer').should('have.class', 'css-upw05v').click();\n// console.log(JSON.stringify(pdps))\ncy.wait(1000);\ncy.get(`.proVariants ${size}`).then($size => {\n  if ($size.hasClass('soldout')) {\n    expect('soldout').to.equal('available');\n  } else if ($size.hasClass('available')) {\n    expect('available').to.equal('available');\n  } else {\n    throw new Error('did not see available or solout ');\n  }\n});",
              "err": {},
              "uuid": "6fe4b0b2-d80f-4252-b3de-14a28eab8bd1",
              "parentUUID": "996906ba-6d66-440a-a0c0-5bc0de7c38df",
              "isHook": false,
              "skipped": false
            },
            {
              "title": "Visits page /products/black-bralette div.swatch-element.md",
              "fullTitle": "Start of test for href and check size MD is available Visits page /products/black-bralette div.swatch-element.md",
              "timedOut": null,
              "duration": 7013,
              "state": "passed",
              "speed": "medium",
              "pass": true,
              "fail": false,
              "pending": false,
              "context": null,
              "code": "cy.visit(pdps[i]); // getIframeBody().find('#closeIconContainer').should('have.class', 'css-upw05v').click();\n// console.log(JSON.stringify(pdps))\ncy.wait(1000);\ncy.get(`.proVariants ${size}`).then($size => {\n  if ($size.hasClass('soldout')) {\n    expect('soldout').to.equal('available');\n  } else if ($size.hasClass('available')) {\n    expect('available').to.equal('available');\n  } else {\n    throw new Error('did not see available or solout ');\n  }\n});",
              "err": {},
              "uuid": "7e3f3245-3e74-4768-b246-5d032393164e",
              "parentUUID": "996906ba-6d66-440a-a0c0-5bc0de7c38df",
              "isHook": false,
              "skipped": false
            },
            {
              "title": "Visits page /products/black-brief-panties div.swatch-element.md",
              "fullTitle": "Start of test for href and check size MD is available Visits page /products/black-brief-panties div.swatch-element.md",
              "timedOut": null,
              "duration": 7003,
              "state": "passed",
              "speed": "medium",
              "pass": true,
              "fail": false,
              "pending": false,
              "context": null,
              "code": "cy.visit(pdps[i]); // getIframeBody().find('#closeIconContainer').should('have.class', 'css-upw05v').click();\n// console.log(JSON.stringify(pdps))\ncy.wait(1000);\ncy.get(`.proVariants ${size}`).then($size => {\n  if ($size.hasClass('soldout')) {\n    expect('soldout').to.equal('available');\n  } else if ($size.hasClass('available')) {\n    expect('available').to.equal('available');\n  } else {\n    throw new Error('did not see available or solout ');\n  }\n});",
              "err": {},
              "uuid": "f0efd4ae-b3a9-413b-a3a5-de72c9c8b5e1",
              "parentUUID": "996906ba-6d66-440a-a0c0-5bc0de7c38df",
              "isHook": false,
              "skipped": false
            },
            {
              "title": "Visits page /products/exotic-botanical-bralette div.swatch-element.md",
              "fullTitle": "Start of test for href and check size MD is available Visits page /products/exotic-botanical-bralette div.swatch-element.md",
              "timedOut": null,
              "duration": 6397,
              "state": "passed",
              "speed": "medium",
              "pass": true,
              "fail": false,
              "pending": false,
              "context": null,
              "code": "cy.visit(pdps[i]); // getIframeBody().find('#closeIconContainer').should('have.class', 'css-upw05v').click();\n// console.log(JSON.stringify(pdps))\ncy.wait(1000);\ncy.get(`.proVariants ${size}`).then($size => {\n  if ($size.hasClass('soldout')) {\n    expect('soldout').to.equal('available');\n  } else if ($size.hasClass('available')) {\n    expect('available').to.equal('available');\n  } else {\n    throw new Error('did not see available or solout ');\n  }\n});",
              "err": {},
              "uuid": "523d1f02-65c8-44bb-a1bf-419ba443cfe3",
              "parentUUID": "996906ba-6d66-440a-a0c0-5bc0de7c38df",
              "isHook": false,
              "skipped": false
            },
            {
              "title": "Visits page /products/brick-dust-tank div.swatch-element.md",
              "fullTitle": "Start of test for href and check size MD is available Visits page /products/brick-dust-tank div.swatch-element.md",
              "timedOut": null,
              "duration": 6028,
              "state": "passed",
              "speed": "medium",
              "pass": true,
              "fail": false,
              "pending": false,
              "context": null,
              "code": "cy.visit(pdps[i]); // getIframeBody().find('#closeIconContainer').should('have.class', 'css-upw05v').click();\n// console.log(JSON.stringify(pdps))\ncy.wait(1000);\ncy.get(`.proVariants ${size}`).then($size => {\n  if ($size.hasClass('soldout')) {\n    expect('soldout').to.equal('available');\n  } else if ($size.hasClass('available')) {\n    expect('available').to.equal('available');\n  } else {\n    throw new Error('did not see available or solout ');\n  }\n});",
              "err": {},
              "uuid": "438a376c-9b0a-4213-9ce1-dff061c916ab",
              "parentUUID": "996906ba-6d66-440a-a0c0-5bc0de7c38df",
              "isHook": false,
              "skipped": false
            },
            {
              "title": "Visits page /products/piki-bralette div.swatch-element.md",
              "fullTitle": "Start of test for href and check size MD is available Visits page /products/piki-bralette div.swatch-element.md",
              "timedOut": null,
              "duration": 5607,
              "state": "passed",
              "speed": "medium",
              "pass": true,
              "fail": false,
              "pending": false,
              "context": null,
              "code": "cy.visit(pdps[i]); // getIframeBody().find('#closeIconContainer').should('have.class', 'css-upw05v').click();\n// console.log(JSON.stringify(pdps))\ncy.wait(1000);\ncy.get(`.proVariants ${size}`).then($size => {\n  if ($size.hasClass('soldout')) {\n    expect('soldout').to.equal('available');\n  } else if ($size.hasClass('available')) {\n    expect('available').to.equal('available');\n  } else {\n    throw new Error('did not see available or solout ');\n  }\n});",
              "err": {},
              "uuid": "208c9c58-8431-474b-81e9-e55a42575863",
              "parentUUID": "996906ba-6d66-440a-a0c0-5bc0de7c38df",
              "isHook": false,
              "skipped": false
            },
            {
              "title": "Visits page /products/piki-brief div.swatch-element.md",
              "fullTitle": "Start of test for href and check size MD is available Visits page /products/piki-brief div.swatch-element.md",
              "timedOut": null,
              "duration": 6030,
              "state": "failed",
              "speed": null,
              "pass": false,
              "fail": true,
              "pending": false,
              "context": null,
              "code": "cy.visit(pdps[i]); // getIframeBody().find('#closeIconContainer').should('have.class', 'css-upw05v').click();\n// console.log(JSON.stringify(pdps))\ncy.wait(1000);\ncy.get(`.proVariants ${size}`).then($size => {\n  if ($size.hasClass('soldout')) {\n    expect('soldout').to.equal('available');\n  } else if ($size.hasClass('available')) {\n    expect('available').to.equal('available');\n  } else {\n    throw new Error('did not see available or solout ');\n  }\n});",
              "err": {
                "message": "AssertionError: expected 'soldout' to equal 'available'",
                "estack": "AssertionError: expected 'soldout' to equal 'available'\n    at Context.eval (webpack:///./cypress/e2e/addToCart-ShopAllcheckSizePart2-SM.cy.js:70:41)",
                "diff": "- 'soldout'\n+ 'available'\n"
              },
              "uuid": "c1759a16-0612-48a8-a92f-b1c19d0dc6ba",
              "parentUUID": "996906ba-6d66-440a-a0c0-5bc0de7c38df",
              "isHook": false,
              "skipped": false
            },
            {
              "title": "Visits page /products/piki-high-cut div.swatch-element.md",
              "fullTitle": "Start of test for href and check size MD is available Visits page /products/piki-high-cut div.swatch-element.md",
              "timedOut": null,
              "duration": 5924,
              "state": "passed",
              "speed": "medium",
              "pass": true,
              "fail": false,
              "pending": false,
              "context": null,
              "code": "cy.visit(pdps[i]); // getIframeBody().find('#closeIconContainer').should('have.class', 'css-upw05v').click();\n// console.log(JSON.stringify(pdps))\ncy.wait(1000);\ncy.get(`.proVariants ${size}`).then($size => {\n  if ($size.hasClass('soldout')) {\n    expect('soldout').to.equal('available');\n  } else if ($size.hasClass('available')) {\n    expect('available').to.equal('available');\n  } else {\n    throw new Error('did not see available or solout ');\n  }\n});",
              "err": {},
              "uuid": "6da50b20-7d65-49f2-8026-cb0408416834",
              "parentUUID": "996906ba-6d66-440a-a0c0-5bc0de7c38df",
              "isHook": false,
              "skipped": false
            },
            {
              "title": "Visits page /products/black-seamless-sheer-bralette div.swatch-element.md",
              "fullTitle": "Start of test for href and check size MD is available Visits page /products/black-seamless-sheer-bralette div.swatch-element.md",
              "timedOut": null,
              "duration": 5376,
              "state": "passed",
              "speed": "medium",
              "pass": true,
              "fail": false,
              "pending": false,
              "context": null,
              "code": "cy.visit(pdps[i]); // getIframeBody().find('#closeIconContainer').should('have.class', 'css-upw05v').click();\n// console.log(JSON.stringify(pdps))\ncy.wait(1000);\ncy.get(`.proVariants ${size}`).then($size => {\n  if ($size.hasClass('soldout')) {\n    expect('soldout').to.equal('available');\n  } else if ($size.hasClass('available')) {\n    expect('available').to.equal('available');\n  } else {\n    throw new Error('did not see available or solout ');\n  }\n});",
              "err": {},
              "uuid": "966945e0-845b-485c-bdc8-ab86073131bc",
              "parentUUID": "996906ba-6d66-440a-a0c0-5bc0de7c38df",
              "isHook": false,
              "skipped": false
            },
            {
              "title": "Visits page /products/black-seamless-tank-top div.swatch-element.md",
              "fullTitle": "Start of test for href and check size MD is available Visits page /products/black-seamless-tank-top div.swatch-element.md",
              "timedOut": null,
              "duration": 6162,
              "state": "passed",
              "speed": "medium",
              "pass": true,
              "fail": false,
              "pending": false,
              "context": null,
              "code": "cy.visit(pdps[i]); // getIframeBody().find('#closeIconContainer').should('have.class', 'css-upw05v').click();\n// console.log(JSON.stringify(pdps))\ncy.wait(1000);\ncy.get(`.proVariants ${size}`).then($size => {\n  if ($size.hasClass('soldout')) {\n    expect('soldout').to.equal('available');\n  } else if ($size.hasClass('available')) {\n    expect('available').to.equal('available');\n  } else {\n    throw new Error('did not see available or solout ');\n  }\n});",
              "err": {},
              "uuid": "fe9f2734-219a-4d99-9030-760b834db858",
              "parentUUID": "996906ba-6d66-440a-a0c0-5bc0de7c38df",
              "isHook": false,
              "skipped": false
            },
            {
              "title": "Visits page /products/picnic-rose-bralette div.swatch-element.md",
              "fullTitle": "Start of test for href and check size MD is available Visits page /products/picnic-rose-bralette div.swatch-element.md",
              "timedOut": null,
              "duration": 5295,
              "state": "passed",
              "speed": "medium",
              "pass": true,
              "fail": false,
              "pending": false,
              "context": null,
              "code": "cy.visit(pdps[i]); // getIframeBody().find('#closeIconContainer').should('have.class', 'css-upw05v').click();\n// console.log(JSON.stringify(pdps))\ncy.wait(1000);\ncy.get(`.proVariants ${size}`).then($size => {\n  if ($size.hasClass('soldout')) {\n    expect('soldout').to.equal('available');\n  } else if ($size.hasClass('available')) {\n    expect('available').to.equal('available');\n  } else {\n    throw new Error('did not see available or solout ');\n  }\n});",
              "err": {},
              "uuid": "f020950f-62af-493e-b8b2-e115fc7a85e3",
              "parentUUID": "996906ba-6d66-440a-a0c0-5bc0de7c38df",
              "isHook": false,
              "skipped": false
            },
            {
              "title": "Visits page /products/picnic-rose-highwaisted div.swatch-element.md",
              "fullTitle": "Start of test for href and check size MD is available Visits page /products/picnic-rose-highwaisted div.swatch-element.md",
              "timedOut": null,
              "duration": 23444,
              "state": "passed",
              "speed": "slow",
              "pass": true,
              "fail": false,
              "pending": false,
              "context": null,
              "code": "cy.visit(pdps[i]); // getIframeBody().find('#closeIconContainer').should('have.class', 'css-upw05v').click();\n// console.log(JSON.stringify(pdps))\ncy.wait(1000);\ncy.get(`.proVariants ${size}`).then($size => {\n  if ($size.hasClass('soldout')) {\n    expect('soldout').to.equal('available');\n  } else if ($size.hasClass('available')) {\n    expect('available').to.equal('available');\n  } else {\n    throw new Error('did not see available or solout ');\n  }\n});",
              "err": {},
              "uuid": "25b44d6d-36c7-4196-addc-21ec15051a90",
              "parentUUID": "996906ba-6d66-440a-a0c0-5bc0de7c38df",
              "isHook": false,
              "skipped": false
            },
            {
              "title": "Visits page /products/ocean-depths-eco-silk-blouse div.swatch-element.md",
              "fullTitle": "Start of test for href and check size MD is available Visits page /products/ocean-depths-eco-silk-blouse div.swatch-element.md",
              "timedOut": null,
              "duration": 10447,
              "state": "failed",
              "speed": null,
              "pass": false,
              "fail": true,
              "pending": false,
              "context": null,
              "code": "cy.visit(pdps[i]); // getIframeBody().find('#closeIconContainer').should('have.class', 'css-upw05v').click();\n// console.log(JSON.stringify(pdps))\ncy.wait(1000);\ncy.get(`.proVariants ${size}`).then($size => {\n  if ($size.hasClass('soldout')) {\n    expect('soldout').to.equal('available');\n  } else if ($size.hasClass('available')) {\n    expect('available').to.equal('available');\n  } else {\n    throw new Error('did not see available or solout ');\n  }\n});",
              "err": {
                "message": "AssertionError: Timed out retrying after 4000ms: Expected to find element: `.proVariants div.swatch-element.md`, but never found it.",
                "estack": "AssertionError: Timed out retrying after 4000ms: Expected to find element: `.proVariants div.swatch-element.md`, but never found it.\n    at Context.eval (webpack:///./cypress/e2e/addToCart-ShopAllcheckSizePart2-SM.cy.js:67:15)",
                "diff": null
              },
              "uuid": "b6baf7c9-82e0-4ddc-9e60-dea13283cdaf",
              "parentUUID": "996906ba-6d66-440a-a0c0-5bc0de7c38df",
              "isHook": false,
              "skipped": false
            },
            {
              "title": "Visits page /products/ocean-depths-eco-silk-shorts div.swatch-element.md",
              "fullTitle": "Start of test for href and check size MD is available Visits page /products/ocean-depths-eco-silk-shorts div.swatch-element.md",
              "timedOut": null,
              "duration": 6244,
              "state": "passed",
              "speed": "medium",
              "pass": true,
              "fail": false,
              "pending": false,
              "context": null,
              "code": "cy.visit(pdps[i]); // getIframeBody().find('#closeIconContainer').should('have.class', 'css-upw05v').click();\n// console.log(JSON.stringify(pdps))\ncy.wait(1000);\ncy.get(`.proVariants ${size}`).then($size => {\n  if ($size.hasClass('soldout')) {\n    expect('soldout').to.equal('available');\n  } else if ($size.hasClass('available')) {\n    expect('available').to.equal('available');\n  } else {\n    throw new Error('did not see available or solout ');\n  }\n});",
              "err": {},
              "uuid": "ee8eda09-b710-401c-8ecb-acfed5710e2e",
              "parentUUID": "996906ba-6d66-440a-a0c0-5bc0de7c38df",
              "isHook": false,
              "skipped": false
            },
            {
              "title": "Visits page /products/ocean-depths-eco-silk-pants div.swatch-element.md",
              "fullTitle": "Start of test for href and check size MD is available Visits page /products/ocean-depths-eco-silk-pants div.swatch-element.md",
              "timedOut": null,
              "duration": 5621,
              "state": "passed",
              "speed": "medium",
              "pass": true,
              "fail": false,
              "pending": false,
              "context": null,
              "code": "cy.visit(pdps[i]); // getIframeBody().find('#closeIconContainer').should('have.class', 'css-upw05v').click();\n// console.log(JSON.stringify(pdps))\ncy.wait(1000);\ncy.get(`.proVariants ${size}`).then($size => {\n  if ($size.hasClass('soldout')) {\n    expect('soldout').to.equal('available');\n  } else if ($size.hasClass('available')) {\n    expect('available').to.equal('available');\n  } else {\n    throw new Error('did not see available or solout ');\n  }\n});",
              "err": {},
              "uuid": "52f7461c-44ce-45c7-9d52-1f2ef870f146",
              "parentUUID": "996906ba-6d66-440a-a0c0-5bc0de7c38df",
              "isHook": false,
              "skipped": false
            },
            {
              "title": "Visits page /products/spotted-panther-bralette div.swatch-element.md",
              "fullTitle": "Start of test for href and check size MD is available Visits page /products/spotted-panther-bralette div.swatch-element.md",
              "timedOut": null,
              "duration": 6497,
              "state": "passed",
              "speed": "medium",
              "pass": true,
              "fail": false,
              "pending": false,
              "context": null,
              "code": "cy.visit(pdps[i]); // getIframeBody().find('#closeIconContainer').should('have.class', 'css-upw05v').click();\n// console.log(JSON.stringify(pdps))\ncy.wait(1000);\ncy.get(`.proVariants ${size}`).then($size => {\n  if ($size.hasClass('soldout')) {\n    expect('soldout').to.equal('available');\n  } else if ($size.hasClass('available')) {\n    expect('available').to.equal('available');\n  } else {\n    throw new Error('did not see available or solout ');\n  }\n});",
              "err": {},
              "uuid": "31e96482-4b8d-433f-8a2e-e0384d11a144",
              "parentUUID": "996906ba-6d66-440a-a0c0-5bc0de7c38df",
              "isHook": false,
              "skipped": false
            },
            {
              "title": "Visits page /products/spotted-panther-brief div.swatch-element.md",
              "fullTitle": "Start of test for href and check size MD is available Visits page /products/spotted-panther-brief div.swatch-element.md",
              "timedOut": null,
              "duration": 6929,
              "state": "passed",
              "speed": "medium",
              "pass": true,
              "fail": false,
              "pending": false,
              "context": null,
              "code": "cy.visit(pdps[i]); // getIframeBody().find('#closeIconContainer').should('have.class', 'css-upw05v').click();\n// console.log(JSON.stringify(pdps))\ncy.wait(1000);\ncy.get(`.proVariants ${size}`).then($size => {\n  if ($size.hasClass('soldout')) {\n    expect('soldout').to.equal('available');\n  } else if ($size.hasClass('available')) {\n    expect('available').to.equal('available');\n  } else {\n    throw new Error('did not see available or solout ');\n  }\n});",
              "err": {},
              "uuid": "1a8900cc-36e3-47e9-a63a-555cf2c19379",
              "parentUUID": "996906ba-6d66-440a-a0c0-5bc0de7c38df",
              "isHook": false,
              "skipped": false
            },
            {
              "title": "Visits page /products/castle-wall-highwaisted div.swatch-element.md",
              "fullTitle": "Start of test for href and check size MD is available Visits page /products/castle-wall-highwaisted div.swatch-element.md",
              "timedOut": null,
              "duration": 6172,
              "state": "passed",
              "speed": "medium",
              "pass": true,
              "fail": false,
              "pending": false,
              "context": null,
              "code": "cy.visit(pdps[i]); // getIframeBody().find('#closeIconContainer').should('have.class', 'css-upw05v').click();\n// console.log(JSON.stringify(pdps))\ncy.wait(1000);\ncy.get(`.proVariants ${size}`).then($size => {\n  if ($size.hasClass('soldout')) {\n    expect('soldout').to.equal('available');\n  } else if ($size.hasClass('available')) {\n    expect('available').to.equal('available');\n  } else {\n    throw new Error('did not see available or solout ');\n  }\n});",
              "err": {},
              "uuid": "7ced1f4e-579c-4b23-9dc5-cd685fcdaafc",
              "parentUUID": "996906ba-6d66-440a-a0c0-5bc0de7c38df",
              "isHook": false,
              "skipped": false
            },
            {
              "title": "Visits page /products/castle-wall-thong div.swatch-element.md",
              "fullTitle": "Start of test for href and check size MD is available Visits page /products/castle-wall-thong div.swatch-element.md",
              "timedOut": null,
              "duration": 6101,
              "state": "passed",
              "speed": "medium",
              "pass": true,
              "fail": false,
              "pending": false,
              "context": null,
              "code": "cy.visit(pdps[i]); // getIframeBody().find('#closeIconContainer').should('have.class', 'css-upw05v').click();\n// console.log(JSON.stringify(pdps))\ncy.wait(1000);\ncy.get(`.proVariants ${size}`).then($size => {\n  if ($size.hasClass('soldout')) {\n    expect('soldout').to.equal('available');\n  } else if ($size.hasClass('available')) {\n    expect('available').to.equal('available');\n  } else {\n    throw new Error('did not see available or solout ');\n  }\n});",
              "err": {},
              "uuid": "d747d99f-1c3e-450e-bba4-9ac82c68c95d",
              "parentUUID": "996906ba-6d66-440a-a0c0-5bc0de7c38df",
              "isHook": false,
              "skipped": false
            },
            {
              "title": "Visits page /products/cactus-eco-silk-slip-dress div.swatch-element.md",
              "fullTitle": "Start of test for href and check size MD is available Visits page /products/cactus-eco-silk-slip-dress div.swatch-element.md",
              "timedOut": null,
              "duration": 3870,
              "state": "passed",
              "speed": "fast",
              "pass": true,
              "fail": false,
              "pending": false,
              "context": null,
              "code": "cy.visit(pdps[i]); // getIframeBody().find('#closeIconContainer').should('have.class', 'css-upw05v').click();\n// console.log(JSON.stringify(pdps))\ncy.wait(1000);\ncy.get(`.proVariants ${size}`).then($size => {\n  if ($size.hasClass('soldout')) {\n    expect('soldout').to.equal('available');\n  } else if ($size.hasClass('available')) {\n    expect('available').to.equal('available');\n  } else {\n    throw new Error('did not see available or solout ');\n  }\n});",
              "err": {},
              "uuid": "db3b4e97-10c6-4c44-a67c-09d976266204",
              "parentUUID": "996906ba-6d66-440a-a0c0-5bc0de7c38df",
              "isHook": false,
              "skipped": false
            },
            {
              "title": "Visits page /products/cactus-eco-silk-tank-top div.swatch-element.md",
              "fullTitle": "Start of test for href and check size MD is available Visits page /products/cactus-eco-silk-tank-top div.swatch-element.md",
              "timedOut": null,
              "duration": 5478,
              "state": "passed",
              "speed": "medium",
              "pass": true,
              "fail": false,
              "pending": false,
              "context": null,
              "code": "cy.visit(pdps[i]); // getIframeBody().find('#closeIconContainer').should('have.class', 'css-upw05v').click();\n// console.log(JSON.stringify(pdps))\ncy.wait(1000);\ncy.get(`.proVariants ${size}`).then($size => {\n  if ($size.hasClass('soldout')) {\n    expect('soldout').to.equal('available');\n  } else if ($size.hasClass('available')) {\n    expect('available').to.equal('available');\n  } else {\n    throw new Error('did not see available or solout ');\n  }\n});",
              "err": {},
              "uuid": "97967b60-94a4-4ff0-b4ab-c830d6fdc2d3",
              "parentUUID": "996906ba-6d66-440a-a0c0-5bc0de7c38df",
              "isHook": false,
              "skipped": false
            },
            {
              "title": "Visits page /products/cactus-eco-silk-shorts div.swatch-element.md",
              "fullTitle": "Start of test for href and check size MD is available Visits page /products/cactus-eco-silk-shorts div.swatch-element.md",
              "timedOut": null,
              "duration": 6315,
              "state": "passed",
              "speed": "medium",
              "pass": true,
              "fail": false,
              "pending": false,
              "context": null,
              "code": "cy.visit(pdps[i]); // getIframeBody().find('#closeIconContainer').should('have.class', 'css-upw05v').click();\n// console.log(JSON.stringify(pdps))\ncy.wait(1000);\ncy.get(`.proVariants ${size}`).then($size => {\n  if ($size.hasClass('soldout')) {\n    expect('soldout').to.equal('available');\n  } else if ($size.hasClass('available')) {\n    expect('available').to.equal('available');\n  } else {\n    throw new Error('did not see available or solout ');\n  }\n});",
              "err": {},
              "uuid": "9679cbe3-6f1c-42bc-a330-2af707a7865d",
              "parentUUID": "996906ba-6d66-440a-a0c0-5bc0de7c38df",
              "isHook": false,
              "skipped": false
            },
            {
              "title": "Visits page /products/blue-opal-seamless-tank div.swatch-element.md",
              "fullTitle": "Start of test for href and check size MD is available Visits page /products/blue-opal-seamless-tank div.swatch-element.md",
              "timedOut": null,
              "duration": 4320,
              "state": "passed",
              "speed": "fast",
              "pass": true,
              "fail": false,
              "pending": false,
              "context": null,
              "code": "cy.visit(pdps[i]); // getIframeBody().find('#closeIconContainer').should('have.class', 'css-upw05v').click();\n// console.log(JSON.stringify(pdps))\ncy.wait(1000);\ncy.get(`.proVariants ${size}`).then($size => {\n  if ($size.hasClass('soldout')) {\n    expect('soldout').to.equal('available');\n  } else if ($size.hasClass('available')) {\n    expect('available').to.equal('available');\n  } else {\n    throw new Error('did not see available or solout ');\n  }\n});",
              "err": {},
              "uuid": "b5cc90c0-09f8-4496-9bd4-094aff13082a",
              "parentUUID": "996906ba-6d66-440a-a0c0-5bc0de7c38df",
              "isHook": false,
              "skipped": false
            },
            {
              "title": "Visits page /products/blue-opal-bralette div.swatch-element.md",
              "fullTitle": "Start of test for href and check size MD is available Visits page /products/blue-opal-bralette div.swatch-element.md",
              "timedOut": null,
              "duration": 6676,
              "state": "passed",
              "speed": "medium",
              "pass": true,
              "fail": false,
              "pending": false,
              "context": null,
              "code": "cy.visit(pdps[i]); // getIframeBody().find('#closeIconContainer').should('have.class', 'css-upw05v').click();\n// console.log(JSON.stringify(pdps))\ncy.wait(1000);\ncy.get(`.proVariants ${size}`).then($size => {\n  if ($size.hasClass('soldout')) {\n    expect('soldout').to.equal('available');\n  } else if ($size.hasClass('available')) {\n    expect('available').to.equal('available');\n  } else {\n    throw new Error('did not see available or solout ');\n  }\n});",
              "err": {},
              "uuid": "f7ea35a7-398f-4e3e-8be1-93786da691e2",
              "parentUUID": "996906ba-6d66-440a-a0c0-5bc0de7c38df",
              "isHook": false,
              "skipped": false
            },
            {
              "title": "Visits page /products/castle-wall-eco-silk-tank-top div.swatch-element.md",
              "fullTitle": "Start of test for href and check size MD is available Visits page /products/castle-wall-eco-silk-tank-top div.swatch-element.md",
              "timedOut": null,
              "duration": 3732,
              "state": "passed",
              "speed": "fast",
              "pass": true,
              "fail": false,
              "pending": false,
              "context": null,
              "code": "cy.visit(pdps[i]); // getIframeBody().find('#closeIconContainer').should('have.class', 'css-upw05v').click();\n// console.log(JSON.stringify(pdps))\ncy.wait(1000);\ncy.get(`.proVariants ${size}`).then($size => {\n  if ($size.hasClass('soldout')) {\n    expect('soldout').to.equal('available');\n  } else if ($size.hasClass('available')) {\n    expect('available').to.equal('available');\n  } else {\n    throw new Error('did not see available or solout ');\n  }\n});",
              "err": {},
              "uuid": "128e9068-f4f9-4de5-9ff0-d2fc4f29972b",
              "parentUUID": "996906ba-6d66-440a-a0c0-5bc0de7c38df",
              "isHook": false,
              "skipped": false
            },
            {
              "title": "Visits page /products/castle-wall-eco-silk-blouse div.swatch-element.md",
              "fullTitle": "Start of test for href and check size MD is available Visits page /products/castle-wall-eco-silk-blouse div.swatch-element.md",
              "timedOut": null,
              "duration": 9435,
              "state": "failed",
              "speed": null,
              "pass": false,
              "fail": true,
              "pending": false,
              "context": null,
              "code": "cy.visit(pdps[i]); // getIframeBody().find('#closeIconContainer').should('have.class', 'css-upw05v').click();\n// console.log(JSON.stringify(pdps))\ncy.wait(1000);\ncy.get(`.proVariants ${size}`).then($size => {\n  if ($size.hasClass('soldout')) {\n    expect('soldout').to.equal('available');\n  } else if ($size.hasClass('available')) {\n    expect('available').to.equal('available');\n  } else {\n    throw new Error('did not see available or solout ');\n  }\n});",
              "err": {
                "message": "AssertionError: Timed out retrying after 4000ms: Expected to find element: `.proVariants div.swatch-element.md`, but never found it.",
                "estack": "AssertionError: Timed out retrying after 4000ms: Expected to find element: `.proVariants div.swatch-element.md`, but never found it.\n    at Context.eval (webpack:///./cypress/e2e/addToCart-ShopAllcheckSizePart2-SM.cy.js:67:15)",
                "diff": null
              },
              "uuid": "4921c3b8-72ce-42f8-8f37-f94270071bf0",
              "parentUUID": "996906ba-6d66-440a-a0c0-5bc0de7c38df",
              "isHook": false,
              "skipped": false
            },
            {
              "title": "Visits page /products/castle-wall-eco-silk-shorts div.swatch-element.md",
              "fullTitle": "Start of test for href and check size MD is available Visits page /products/castle-wall-eco-silk-shorts div.swatch-element.md",
              "timedOut": null,
              "duration": 6679,
              "state": "passed",
              "speed": "medium",
              "pass": true,
              "fail": false,
              "pending": false,
              "context": null,
              "code": "cy.visit(pdps[i]); // getIframeBody().find('#closeIconContainer').should('have.class', 'css-upw05v').click();\n// console.log(JSON.stringify(pdps))\ncy.wait(1000);\ncy.get(`.proVariants ${size}`).then($size => {\n  if ($size.hasClass('soldout')) {\n    expect('soldout').to.equal('available');\n  } else if ($size.hasClass('available')) {\n    expect('available').to.equal('available');\n  } else {\n    throw new Error('did not see available or solout ');\n  }\n});",
              "err": {},
              "uuid": "c566077c-1396-41bb-be99-09842878e7ff",
              "parentUUID": "996906ba-6d66-440a-a0c0-5bc0de7c38df",
              "isHook": false,
              "skipped": false
            },
            {
              "title": "Visits page /products/brush-washable-eco-silk-slip-dress div.swatch-element.md",
              "fullTitle": "Start of test for href and check size MD is available Visits page /products/brush-washable-eco-silk-slip-dress div.swatch-element.md",
              "timedOut": null,
              "duration": 6568,
              "state": "passed",
              "speed": "medium",
              "pass": true,
              "fail": false,
              "pending": false,
              "context": null,
              "code": "cy.visit(pdps[i]); // getIframeBody().find('#closeIconContainer').should('have.class', 'css-upw05v').click();\n// console.log(JSON.stringify(pdps))\ncy.wait(1000);\ncy.get(`.proVariants ${size}`).then($size => {\n  if ($size.hasClass('soldout')) {\n    expect('soldout').to.equal('available');\n  } else if ($size.hasClass('available')) {\n    expect('available').to.equal('available');\n  } else {\n    throw new Error('did not see available or solout ');\n  }\n});",
              "err": {},
              "uuid": "b0b13657-796f-46b9-8da0-76f6ebd730e5",
              "parentUUID": "996906ba-6d66-440a-a0c0-5bc0de7c38df",
              "isHook": false,
              "skipped": false
            },
            {
              "title": "Visits page /products/brush-eco-silk-blouse div.swatch-element.md",
              "fullTitle": "Start of test for href and check size MD is available Visits page /products/brush-eco-silk-blouse div.swatch-element.md",
              "timedOut": null,
              "duration": 11071,
              "state": "failed",
              "speed": null,
              "pass": false,
              "fail": true,
              "pending": false,
              "context": null,
              "code": "cy.visit(pdps[i]); // getIframeBody().find('#closeIconContainer').should('have.class', 'css-upw05v').click();\n// console.log(JSON.stringify(pdps))\ncy.wait(1000);\ncy.get(`.proVariants ${size}`).then($size => {\n  if ($size.hasClass('soldout')) {\n    expect('soldout').to.equal('available');\n  } else if ($size.hasClass('available')) {\n    expect('available').to.equal('available');\n  } else {\n    throw new Error('did not see available or solout ');\n  }\n});",
              "err": {
                "message": "AssertionError: Timed out retrying after 4000ms: Expected to find element: `.proVariants div.swatch-element.md`, but never found it.",
                "estack": "AssertionError: Timed out retrying after 4000ms: Expected to find element: `.proVariants div.swatch-element.md`, but never found it.\n    at Context.eval (webpack:///./cypress/e2e/addToCart-ShopAllcheckSizePart2-SM.cy.js:67:15)",
                "diff": null
              },
              "uuid": "f357ace3-ac0d-4a47-9d91-95c9dd36e6c6",
              "parentUUID": "996906ba-6d66-440a-a0c0-5bc0de7c38df",
              "isHook": false,
              "skipped": false
            },
            {
              "title": "Visits page /products/brush-eco-silk-pants div.swatch-element.md",
              "fullTitle": "Start of test for href and check size MD is available Visits page /products/brush-eco-silk-pants div.swatch-element.md",
              "timedOut": null,
              "duration": 5409,
              "state": "passed",
              "speed": "medium",
              "pass": true,
              "fail": false,
              "pending": false,
              "context": null,
              "code": "cy.visit(pdps[i]); // getIframeBody().find('#closeIconContainer').should('have.class', 'css-upw05v').click();\n// console.log(JSON.stringify(pdps))\ncy.wait(1000);\ncy.get(`.proVariants ${size}`).then($size => {\n  if ($size.hasClass('soldout')) {\n    expect('soldout').to.equal('available');\n  } else if ($size.hasClass('available')) {\n    expect('available').to.equal('available');\n  } else {\n    throw new Error('did not see available or solout ');\n  }\n});",
              "err": {},
              "uuid": "b837b5c8-8b31-4d37-a496-bf6eb0eb14c5",
              "parentUUID": "996906ba-6d66-440a-a0c0-5bc0de7c38df",
              "isHook": false,
              "skipped": false
            },
            {
              "title": "Visits page /products/fallen-rock-seamless-tank-top div.swatch-element.md",
              "fullTitle": "Start of test for href and check size MD is available Visits page /products/fallen-rock-seamless-tank-top div.swatch-element.md",
              "timedOut": null,
              "duration": 6074,
              "state": "passed",
              "speed": "medium",
              "pass": true,
              "fail": false,
              "pending": false,
              "context": null,
              "code": "cy.visit(pdps[i]); // getIframeBody().find('#closeIconContainer').should('have.class', 'css-upw05v').click();\n// console.log(JSON.stringify(pdps))\ncy.wait(1000);\ncy.get(`.proVariants ${size}`).then($size => {\n  if ($size.hasClass('soldout')) {\n    expect('soldout').to.equal('available');\n  } else if ($size.hasClass('available')) {\n    expect('available').to.equal('available');\n  } else {\n    throw new Error('did not see available or solout ');\n  }\n});",
              "err": {},
              "uuid": "aa577d5a-611e-4536-b531-22531523cf65",
              "parentUUID": "996906ba-6d66-440a-a0c0-5bc0de7c38df",
              "isHook": false,
              "skipped": false
            },
            {
              "title": "Visits page /products/blue-iris-bralette div.swatch-element.md",
              "fullTitle": "Start of test for href and check size MD is available Visits page /products/blue-iris-bralette div.swatch-element.md",
              "timedOut": null,
              "duration": 6605,
              "state": "passed",
              "speed": "medium",
              "pass": true,
              "fail": false,
              "pending": false,
              "context": null,
              "code": "cy.visit(pdps[i]); // getIframeBody().find('#closeIconContainer').should('have.class', 'css-upw05v').click();\n// console.log(JSON.stringify(pdps))\ncy.wait(1000);\ncy.get(`.proVariants ${size}`).then($size => {\n  if ($size.hasClass('soldout')) {\n    expect('soldout').to.equal('available');\n  } else if ($size.hasClass('available')) {\n    expect('available').to.equal('available');\n  } else {\n    throw new Error('did not see available or solout ');\n  }\n});",
              "err": {},
              "uuid": "d5ffad3d-2519-4200-abbc-3adc4ba0cafa",
              "parentUUID": "996906ba-6d66-440a-a0c0-5bc0de7c38df",
              "isHook": false,
              "skipped": false
            },
            {
              "title": "Visits page /products/blue-iris-brief div.swatch-element.md",
              "fullTitle": "Start of test for href and check size MD is available Visits page /products/blue-iris-brief div.swatch-element.md",
              "timedOut": null,
              "duration": 5824,
              "state": "failed",
              "speed": null,
              "pass": false,
              "fail": true,
              "pending": false,
              "context": null,
              "code": "cy.visit(pdps[i]); // getIframeBody().find('#closeIconContainer').should('have.class', 'css-upw05v').click();\n// console.log(JSON.stringify(pdps))\ncy.wait(1000);\ncy.get(`.proVariants ${size}`).then($size => {\n  if ($size.hasClass('soldout')) {\n    expect('soldout').to.equal('available');\n  } else if ($size.hasClass('available')) {\n    expect('available').to.equal('available');\n  } else {\n    throw new Error('did not see available or solout ');\n  }\n});",
              "err": {
                "message": "AssertionError: expected 'soldout' to equal 'available'",
                "estack": "AssertionError: expected 'soldout' to equal 'available'\n    at Context.eval (webpack:///./cypress/e2e/addToCart-ShopAllcheckSizePart2-SM.cy.js:70:41)",
                "diff": "- 'soldout'\n+ 'available'\n"
              },
              "uuid": "19bef672-4723-4295-b34d-1521c4d770e9",
              "parentUUID": "996906ba-6d66-440a-a0c0-5bc0de7c38df",
              "isHook": false,
              "skipped": false
            },
            {
              "title": "Visits page /products/spotted-panther-eco-silk-slip-dress div.swatch-element.md",
              "fullTitle": "Start of test for href and check size MD is available Visits page /products/spotted-panther-eco-silk-slip-dress div.swatch-element.md",
              "timedOut": null,
              "duration": 6040,
              "state": "passed",
              "speed": "medium",
              "pass": true,
              "fail": false,
              "pending": false,
              "context": null,
              "code": "cy.visit(pdps[i]); // getIframeBody().find('#closeIconContainer').should('have.class', 'css-upw05v').click();\n// console.log(JSON.stringify(pdps))\ncy.wait(1000);\ncy.get(`.proVariants ${size}`).then($size => {\n  if ($size.hasClass('soldout')) {\n    expect('soldout').to.equal('available');\n  } else if ($size.hasClass('available')) {\n    expect('available').to.equal('available');\n  } else {\n    throw new Error('did not see available or solout ');\n  }\n});",
              "err": {},
              "uuid": "f1e0d416-43ed-4e68-95bb-450e9f27ac6e",
              "parentUUID": "996906ba-6d66-440a-a0c0-5bc0de7c38df",
              "isHook": false,
              "skipped": false
            },
            {
              "title": "Visits page /products/spotted-panther-eco-silk-tank-top div.swatch-element.md",
              "fullTitle": "Start of test for href and check size MD is available Visits page /products/spotted-panther-eco-silk-tank-top div.swatch-element.md",
              "timedOut": null,
              "duration": 6635,
              "state": "passed",
              "speed": "medium",
              "pass": true,
              "fail": false,
              "pending": false,
              "context": null,
              "code": "cy.visit(pdps[i]); // getIframeBody().find('#closeIconContainer').should('have.class', 'css-upw05v').click();\n// console.log(JSON.stringify(pdps))\ncy.wait(1000);\ncy.get(`.proVariants ${size}`).then($size => {\n  if ($size.hasClass('soldout')) {\n    expect('soldout').to.equal('available');\n  } else if ($size.hasClass('available')) {\n    expect('available').to.equal('available');\n  } else {\n    throw new Error('did not see available or solout ');\n  }\n});",
              "err": {},
              "uuid": "758393e1-ff6f-4d10-8375-b812afa9d8ca",
              "parentUUID": "996906ba-6d66-440a-a0c0-5bc0de7c38df",
              "isHook": false,
              "skipped": false
            },
            {
              "title": "Visits page /products/spotted-panther-eco-silk-shorts div.swatch-element.md",
              "fullTitle": "Start of test for href and check size MD is available Visits page /products/spotted-panther-eco-silk-shorts div.swatch-element.md",
              "timedOut": null,
              "duration": 5904,
              "state": "passed",
              "speed": "medium",
              "pass": true,
              "fail": false,
              "pending": false,
              "context": null,
              "code": "cy.visit(pdps[i]); // getIframeBody().find('#closeIconContainer').should('have.class', 'css-upw05v').click();\n// console.log(JSON.stringify(pdps))\ncy.wait(1000);\ncy.get(`.proVariants ${size}`).then($size => {\n  if ($size.hasClass('soldout')) {\n    expect('soldout').to.equal('available');\n  } else if ($size.hasClass('available')) {\n    expect('available').to.equal('available');\n  } else {\n    throw new Error('did not see available or solout ');\n  }\n});",
              "err": {},
              "uuid": "7014d8ee-6e7d-486a-a7c3-e1d4096de7c7",
              "parentUUID": "996906ba-6d66-440a-a0c0-5bc0de7c38df",
              "isHook": false,
              "skipped": false
            },
            {
              "title": "Visits page /products/sunkissed-brief div.swatch-element.md",
              "fullTitle": "Start of test for href and check size MD is available Visits page /products/sunkissed-brief div.swatch-element.md",
              "timedOut": null,
              "duration": 6468,
              "state": "passed",
              "speed": "medium",
              "pass": true,
              "fail": false,
              "pending": false,
              "context": null,
              "code": "cy.visit(pdps[i]); // getIframeBody().find('#closeIconContainer').should('have.class', 'css-upw05v').click();\n// console.log(JSON.stringify(pdps))\ncy.wait(1000);\ncy.get(`.proVariants ${size}`).then($size => {\n  if ($size.hasClass('soldout')) {\n    expect('soldout').to.equal('available');\n  } else if ($size.hasClass('available')) {\n    expect('available').to.equal('available');\n  } else {\n    throw new Error('did not see available or solout ');\n  }\n});",
              "err": {},
              "uuid": "15773041-93f5-4b54-9d89-3a67d1243f28",
              "parentUUID": "996906ba-6d66-440a-a0c0-5bc0de7c38df",
              "isHook": false,
              "skipped": false
            },
            {
              "title": "Visits page /products/ocean-depths-bralette-bodysuit div.swatch-element.md",
              "fullTitle": "Start of test for href and check size MD is available Visits page /products/ocean-depths-bralette-bodysuit div.swatch-element.md",
              "timedOut": null,
              "duration": 6813,
              "state": "passed",
              "speed": "medium",
              "pass": true,
              "fail": false,
              "pending": false,
              "context": null,
              "code": "cy.visit(pdps[i]); // getIframeBody().find('#closeIconContainer').should('have.class', 'css-upw05v').click();\n// console.log(JSON.stringify(pdps))\ncy.wait(1000);\ncy.get(`.proVariants ${size}`).then($size => {\n  if ($size.hasClass('soldout')) {\n    expect('soldout').to.equal('available');\n  } else if ($size.hasClass('available')) {\n    expect('available').to.equal('available');\n  } else {\n    throw new Error('did not see available or solout ');\n  }\n});",
              "err": {},
              "uuid": "037ec5e5-6463-486c-8d75-dfc9c0b73364",
              "parentUUID": "996906ba-6d66-440a-a0c0-5bc0de7c38df",
              "isHook": false,
              "skipped": false
            },
            {
              "title": "Visits page /products/spotted-panther-bralette-bodysuit div.swatch-element.md",
              "fullTitle": "Start of test for href and check size MD is available Visits page /products/spotted-panther-bralette-bodysuit div.swatch-element.md",
              "timedOut": null,
              "duration": 7059,
              "state": "passed",
              "speed": "medium",
              "pass": true,
              "fail": false,
              "pending": false,
              "context": null,
              "code": "cy.visit(pdps[i]); // getIframeBody().find('#closeIconContainer').should('have.class', 'css-upw05v').click();\n// console.log(JSON.stringify(pdps))\ncy.wait(1000);\ncy.get(`.proVariants ${size}`).then($size => {\n  if ($size.hasClass('soldout')) {\n    expect('soldout').to.equal('available');\n  } else if ($size.hasClass('available')) {\n    expect('available').to.equal('available');\n  } else {\n    throw new Error('did not see available or solout ');\n  }\n});",
              "err": {},
              "uuid": "1536fd46-feb6-4ec9-a2da-5788102c151c",
              "parentUUID": "996906ba-6d66-440a-a0c0-5bc0de7c38df",
              "isHook": false,
              "skipped": false
            },
            {
              "title": "Visits page /products/black-bodysuit div.swatch-element.md",
              "fullTitle": "Start of test for href and check size MD is available Visits page /products/black-bodysuit div.swatch-element.md",
              "timedOut": null,
              "duration": 5257,
              "state": "passed",
              "speed": "medium",
              "pass": true,
              "fail": false,
              "pending": false,
              "context": null,
              "code": "cy.visit(pdps[i]); // getIframeBody().find('#closeIconContainer').should('have.class', 'css-upw05v').click();\n// console.log(JSON.stringify(pdps))\ncy.wait(1000);\ncy.get(`.proVariants ${size}`).then($size => {\n  if ($size.hasClass('soldout')) {\n    expect('soldout').to.equal('available');\n  } else if ($size.hasClass('available')) {\n    expect('available').to.equal('available');\n  } else {\n    throw new Error('did not see available or solout ');\n  }\n});",
              "err": {},
              "uuid": "192d4dc3-7e11-4ccb-998d-4a97015323a0",
              "parentUUID": "996906ba-6d66-440a-a0c0-5bc0de7c38df",
              "isHook": false,
              "skipped": false
            },
            {
              "title": "Visits page /products/white-seamless-tank div.swatch-element.md",
              "fullTitle": "Start of test for href and check size MD is available Visits page /products/white-seamless-tank div.swatch-element.md",
              "timedOut": null,
              "duration": 6323,
              "state": "passed",
              "speed": "medium",
              "pass": true,
              "fail": false,
              "pending": false,
              "context": null,
              "code": "cy.visit(pdps[i]); // getIframeBody().find('#closeIconContainer').should('have.class', 'css-upw05v').click();\n// console.log(JSON.stringify(pdps))\ncy.wait(1000);\ncy.get(`.proVariants ${size}`).then($size => {\n  if ($size.hasClass('soldout')) {\n    expect('soldout').to.equal('available');\n  } else if ($size.hasClass('available')) {\n    expect('available').to.equal('available');\n  } else {\n    throw new Error('did not see available or solout ');\n  }\n});",
              "err": {},
              "uuid": "21c18582-4100-4efb-8aab-a481351bc51b",
              "parentUUID": "996906ba-6d66-440a-a0c0-5bc0de7c38df",
              "isHook": false,
              "skipped": false
            },
            {
              "title": "Visits page /products/white-thong-panties div.swatch-element.md",
              "fullTitle": "Start of test for href and check size MD is available Visits page /products/white-thong-panties div.swatch-element.md",
              "timedOut": null,
              "duration": 6064,
              "state": "failed",
              "speed": null,
              "pass": false,
              "fail": true,
              "pending": false,
              "context": null,
              "code": "cy.visit(pdps[i]); // getIframeBody().find('#closeIconContainer').should('have.class', 'css-upw05v').click();\n// console.log(JSON.stringify(pdps))\ncy.wait(1000);\ncy.get(`.proVariants ${size}`).then($size => {\n  if ($size.hasClass('soldout')) {\n    expect('soldout').to.equal('available');\n  } else if ($size.hasClass('available')) {\n    expect('available').to.equal('available');\n  } else {\n    throw new Error('did not see available or solout ');\n  }\n});",
              "err": {
                "message": "AssertionError: expected 'soldout' to equal 'available'",
                "estack": "AssertionError: expected 'soldout' to equal 'available'\n    at Context.eval (webpack:///./cypress/e2e/addToCart-ShopAllcheckSizePart2-SM.cy.js:70:41)",
                "diff": "- 'soldout'\n+ 'available'\n"
              },
              "uuid": "0c00f7f0-de90-42be-b0e4-f93f18f3fc40",
              "parentUUID": "996906ba-6d66-440a-a0c0-5bc0de7c38df",
              "isHook": false,
              "skipped": false
            },
            {
              "title": "Visits page /products/lime-punch-high-cut-high-waisted div.swatch-element.md",
              "fullTitle": "Start of test for href and check size MD is available Visits page /products/lime-punch-high-cut-high-waisted div.swatch-element.md",
              "timedOut": null,
              "duration": 6319,
              "state": "passed",
              "speed": "medium",
              "pass": true,
              "fail": false,
              "pending": false,
              "context": null,
              "code": "cy.visit(pdps[i]); // getIframeBody().find('#closeIconContainer').should('have.class', 'css-upw05v').click();\n// console.log(JSON.stringify(pdps))\ncy.wait(1000);\ncy.get(`.proVariants ${size}`).then($size => {\n  if ($size.hasClass('soldout')) {\n    expect('soldout').to.equal('available');\n  } else if ($size.hasClass('available')) {\n    expect('available').to.equal('available');\n  } else {\n    throw new Error('did not see available or solout ');\n  }\n});",
              "err": {},
              "uuid": "d915ce9e-12b7-4ec7-a614-7351b29e266b",
              "parentUUID": "996906ba-6d66-440a-a0c0-5bc0de7c38df",
              "isHook": false,
              "skipped": false
            },
            {
              "title": "Visits page /products/lime-punch-highwaisted div.swatch-element.md",
              "fullTitle": "Start of test for href and check size MD is available Visits page /products/lime-punch-highwaisted div.swatch-element.md",
              "timedOut": null,
              "duration": 5738,
              "state": "passed",
              "speed": "medium",
              "pass": true,
              "fail": false,
              "pending": false,
              "context": null,
              "code": "cy.visit(pdps[i]); // getIframeBody().find('#closeIconContainer').should('have.class', 'css-upw05v').click();\n// console.log(JSON.stringify(pdps))\ncy.wait(1000);\ncy.get(`.proVariants ${size}`).then($size => {\n  if ($size.hasClass('soldout')) {\n    expect('soldout').to.equal('available');\n  } else if ($size.hasClass('available')) {\n    expect('available').to.equal('available');\n  } else {\n    throw new Error('did not see available or solout ');\n  }\n});",
              "err": {},
              "uuid": "c13a0cbc-36fb-4cbd-a05b-33cfe7072374",
              "parentUUID": "996906ba-6d66-440a-a0c0-5bc0de7c38df",
              "isHook": false,
              "skipped": false
            },
            {
              "title": "Visits page /products/lime-punch-brief div.swatch-element.md",
              "fullTitle": "Start of test for href and check size MD is available Visits page /products/lime-punch-brief div.swatch-element.md",
              "timedOut": null,
              "duration": 6764,
              "state": "failed",
              "speed": null,
              "pass": false,
              "fail": true,
              "pending": false,
              "context": null,
              "code": "cy.visit(pdps[i]); // getIframeBody().find('#closeIconContainer').should('have.class', 'css-upw05v').click();\n// console.log(JSON.stringify(pdps))\ncy.wait(1000);\ncy.get(`.proVariants ${size}`).then($size => {\n  if ($size.hasClass('soldout')) {\n    expect('soldout').to.equal('available');\n  } else if ($size.hasClass('available')) {\n    expect('available').to.equal('available');\n  } else {\n    throw new Error('did not see available or solout ');\n  }\n});",
              "err": {
                "message": "AssertionError: expected 'soldout' to equal 'available'",
                "estack": "AssertionError: expected 'soldout' to equal 'available'\n    at Context.eval (webpack:///./cypress/e2e/addToCart-ShopAllcheckSizePart2-SM.cy.js:70:41)",
                "diff": "- 'soldout'\n+ 'available'\n"
              },
              "uuid": "4c465f23-545e-4f20-801c-91d064269d60",
              "parentUUID": "996906ba-6d66-440a-a0c0-5bc0de7c38df",
              "isHook": false,
              "skipped": false
            },
            {
              "title": "Visits page /products/espresso-brief div.swatch-element.md",
              "fullTitle": "Start of test for href and check size MD is available Visits page /products/espresso-brief div.swatch-element.md",
              "timedOut": null,
              "duration": 6251,
              "state": "passed",
              "speed": "medium",
              "pass": true,
              "fail": false,
              "pending": false,
              "context": null,
              "code": "cy.visit(pdps[i]); // getIframeBody().find('#closeIconContainer').should('have.class', 'css-upw05v').click();\n// console.log(JSON.stringify(pdps))\ncy.wait(1000);\ncy.get(`.proVariants ${size}`).then($size => {\n  if ($size.hasClass('soldout')) {\n    expect('soldout').to.equal('available');\n  } else if ($size.hasClass('available')) {\n    expect('available').to.equal('available');\n  } else {\n    throw new Error('did not see available or solout ');\n  }\n});",
              "err": {},
              "uuid": "78ee29b5-f0ab-4ec7-a856-7cd3a2830f95",
              "parentUUID": "996906ba-6d66-440a-a0c0-5bc0de7c38df",
              "isHook": false,
              "skipped": false
            },
            {
              "title": "Visits page /products/picnic-rose-bikini div.swatch-element.md",
              "fullTitle": "Start of test for href and check size MD is available Visits page /products/picnic-rose-bikini div.swatch-element.md",
              "timedOut": null,
              "duration": 5808,
              "state": "passed",
              "speed": "medium",
              "pass": true,
              "fail": false,
              "pending": false,
              "context": null,
              "code": "cy.visit(pdps[i]); // getIframeBody().find('#closeIconContainer').should('have.class', 'css-upw05v').click();\n// console.log(JSON.stringify(pdps))\ncy.wait(1000);\ncy.get(`.proVariants ${size}`).then($size => {\n  if ($size.hasClass('soldout')) {\n    expect('soldout').to.equal('available');\n  } else if ($size.hasClass('available')) {\n    expect('available').to.equal('available');\n  } else {\n    throw new Error('did not see available or solout ');\n  }\n});",
              "err": {},
              "uuid": "49a480be-e30e-4217-9758-e3c4a6814f11",
              "parentUUID": "996906ba-6d66-440a-a0c0-5bc0de7c38df",
              "isHook": false,
              "skipped": false
            },
            {
              "title": "Visits page /products/spotted-panther-highwaisted div.swatch-element.md",
              "fullTitle": "Start of test for href and check size MD is available Visits page /products/spotted-panther-highwaisted div.swatch-element.md",
              "timedOut": null,
              "duration": 6493,
              "state": "passed",
              "speed": "medium",
              "pass": true,
              "fail": false,
              "pending": false,
              "context": null,
              "code": "cy.visit(pdps[i]); // getIframeBody().find('#closeIconContainer').should('have.class', 'css-upw05v').click();\n// console.log(JSON.stringify(pdps))\ncy.wait(1000);\ncy.get(`.proVariants ${size}`).then($size => {\n  if ($size.hasClass('soldout')) {\n    expect('soldout').to.equal('available');\n  } else if ($size.hasClass('available')) {\n    expect('available').to.equal('available');\n  } else {\n    throw new Error('did not see available or solout ');\n  }\n});",
              "err": {},
              "uuid": "28be79a0-0751-4d81-8984-67f408d0b5fb",
              "parentUUID": "996906ba-6d66-440a-a0c0-5bc0de7c38df",
              "isHook": false,
              "skipped": false
            },
            {
              "title": "Visits page /products/fjord-blue-thong div.swatch-element.md",
              "fullTitle": "Start of test for href and check size MD is available Visits page /products/fjord-blue-thong div.swatch-element.md",
              "timedOut": null,
              "duration": 6140,
              "state": "failed",
              "speed": null,
              "pass": false,
              "fail": true,
              "pending": false,
              "context": null,
              "code": "cy.visit(pdps[i]); // getIframeBody().find('#closeIconContainer').should('have.class', 'css-upw05v').click();\n// console.log(JSON.stringify(pdps))\ncy.wait(1000);\ncy.get(`.proVariants ${size}`).then($size => {\n  if ($size.hasClass('soldout')) {\n    expect('soldout').to.equal('available');\n  } else if ($size.hasClass('available')) {\n    expect('available').to.equal('available');\n  } else {\n    throw new Error('did not see available or solout ');\n  }\n});",
              "err": {
                "message": "AssertionError: expected 'soldout' to equal 'available'",
                "estack": "AssertionError: expected 'soldout' to equal 'available'\n    at Context.eval (webpack:///./cypress/e2e/addToCart-ShopAllcheckSizePart2-SM.cy.js:70:41)",
                "diff": "- 'soldout'\n+ 'available'\n"
              },
              "uuid": "34d01dd8-56f3-4541-959f-701ed8c75df4",
              "parentUUID": "996906ba-6d66-440a-a0c0-5bc0de7c38df",
              "isHook": false,
              "skipped": false
            },
            {
              "title": "Visits page /products/fjord-blue-highwaisted div.swatch-element.md",
              "fullTitle": "Start of test for href and check size MD is available Visits page /products/fjord-blue-highwaisted div.swatch-element.md",
              "timedOut": null,
              "duration": 6642,
              "state": "passed",
              "speed": "medium",
              "pass": true,
              "fail": false,
              "pending": false,
              "context": null,
              "code": "cy.visit(pdps[i]); // getIframeBody().find('#closeIconContainer').should('have.class', 'css-upw05v').click();\n// console.log(JSON.stringify(pdps))\ncy.wait(1000);\ncy.get(`.proVariants ${size}`).then($size => {\n  if ($size.hasClass('soldout')) {\n    expect('soldout').to.equal('available');\n  } else if ($size.hasClass('available')) {\n    expect('available').to.equal('available');\n  } else {\n    throw new Error('did not see available or solout ');\n  }\n});",
              "err": {},
              "uuid": "4cf00fe1-3911-4807-8e37-420a84f455c9",
              "parentUUID": "996906ba-6d66-440a-a0c0-5bc0de7c38df",
              "isHook": false,
              "skipped": false
            },
            {
              "title": "Visits page /products/hyper-pink-mesh-brief div.swatch-element.md",
              "fullTitle": "Start of test for href and check size MD is available Visits page /products/hyper-pink-mesh-brief div.swatch-element.md",
              "timedOut": null,
              "duration": 6316,
              "state": "failed",
              "speed": null,
              "pass": false,
              "fail": true,
              "pending": false,
              "context": null,
              "code": "cy.visit(pdps[i]); // getIframeBody().find('#closeIconContainer').should('have.class', 'css-upw05v').click();\n// console.log(JSON.stringify(pdps))\ncy.wait(1000);\ncy.get(`.proVariants ${size}`).then($size => {\n  if ($size.hasClass('soldout')) {\n    expect('soldout').to.equal('available');\n  } else if ($size.hasClass('available')) {\n    expect('available').to.equal('available');\n  } else {\n    throw new Error('did not see available or solout ');\n  }\n});",
              "err": {
                "message": "AssertionError: expected 'soldout' to equal 'available'",
                "estack": "AssertionError: expected 'soldout' to equal 'available'\n    at Context.eval (webpack:///./cypress/e2e/addToCart-ShopAllcheckSizePart2-SM.cy.js:70:41)",
                "diff": "- 'soldout'\n+ 'available'\n"
              },
              "uuid": "0d1d536c-0bf5-4b1e-b90f-79e77301cd9e",
              "parentUUID": "996906ba-6d66-440a-a0c0-5bc0de7c38df",
              "isHook": false,
              "skipped": false
            },
            {
              "title": "Visits page /products/hyper-pink-mesh-highwaisted div.swatch-element.md",
              "fullTitle": "Start of test for href and check size MD is available Visits page /products/hyper-pink-mesh-highwaisted div.swatch-element.md",
              "timedOut": null,
              "duration": 6937,
              "state": "failed",
              "speed": null,
              "pass": false,
              "fail": true,
              "pending": false,
              "context": null,
              "code": "cy.visit(pdps[i]); // getIframeBody().find('#closeIconContainer').should('have.class', 'css-upw05v').click();\n// console.log(JSON.stringify(pdps))\ncy.wait(1000);\ncy.get(`.proVariants ${size}`).then($size => {\n  if ($size.hasClass('soldout')) {\n    expect('soldout').to.equal('available');\n  } else if ($size.hasClass('available')) {\n    expect('available').to.equal('available');\n  } else {\n    throw new Error('did not see available or solout ');\n  }\n});",
              "err": {
                "message": "AssertionError: expected 'soldout' to equal 'available'",
                "estack": "AssertionError: expected 'soldout' to equal 'available'\n    at Context.eval (webpack:///./cypress/e2e/addToCart-ShopAllcheckSizePart2-SM.cy.js:70:41)",
                "diff": "- 'soldout'\n+ 'available'\n"
              },
              "uuid": "02370339-d8ad-48f6-8a7a-ec1c7e0ae2b5",
              "parentUUID": "996906ba-6d66-440a-a0c0-5bc0de7c38df",
              "isHook": false,
              "skipped": false
            },
            {
              "title": "Visits page /products/lime-punch-mesh-bralette div.swatch-element.md",
              "fullTitle": "Start of test for href and check size MD is available Visits page /products/lime-punch-mesh-bralette div.swatch-element.md",
              "timedOut": null,
              "duration": 6787,
              "state": "failed",
              "speed": null,
              "pass": false,
              "fail": true,
              "pending": false,
              "context": null,
              "code": "cy.visit(pdps[i]); // getIframeBody().find('#closeIconContainer').should('have.class', 'css-upw05v').click();\n// console.log(JSON.stringify(pdps))\ncy.wait(1000);\ncy.get(`.proVariants ${size}`).then($size => {\n  if ($size.hasClass('soldout')) {\n    expect('soldout').to.equal('available');\n  } else if ($size.hasClass('available')) {\n    expect('available').to.equal('available');\n  } else {\n    throw new Error('did not see available or solout ');\n  }\n});",
              "err": {
                "message": "AssertionError: expected 'soldout' to equal 'available'",
                "estack": "AssertionError: expected 'soldout' to equal 'available'\n    at Context.eval (webpack:///./cypress/e2e/addToCart-ShopAllcheckSizePart2-SM.cy.js:70:41)",
                "diff": "- 'soldout'\n+ 'available'\n"
              },
              "uuid": "44b5c471-c4e8-49c2-a026-27c54aec8f93",
              "parentUUID": "996906ba-6d66-440a-a0c0-5bc0de7c38df",
              "isHook": false,
              "skipped": false
            },
            {
              "title": "Visits page /products/lime-punch-mesh-brief div.swatch-element.md",
              "fullTitle": "Start of test for href and check size MD is available Visits page /products/lime-punch-mesh-brief div.swatch-element.md",
              "timedOut": null,
              "duration": 6890,
              "state": "passed",
              "speed": "medium",
              "pass": true,
              "fail": false,
              "pending": false,
              "context": null,
              "code": "cy.visit(pdps[i]); // getIframeBody().find('#closeIconContainer').should('have.class', 'css-upw05v').click();\n// console.log(JSON.stringify(pdps))\ncy.wait(1000);\ncy.get(`.proVariants ${size}`).then($size => {\n  if ($size.hasClass('soldout')) {\n    expect('soldout').to.equal('available');\n  } else if ($size.hasClass('available')) {\n    expect('available').to.equal('available');\n  } else {\n    throw new Error('did not see available or solout ');\n  }\n});",
              "err": {},
              "uuid": "8906b4ab-b28f-4ddf-bced-c0fa9afd270a",
              "parentUUID": "996906ba-6d66-440a-a0c0-5bc0de7c38df",
              "isHook": false,
              "skipped": false
            },
            {
              "title": "Visits page /products/lime-punch-mesh-highwaisted div.swatch-element.md",
              "fullTitle": "Start of test for href and check size MD is available Visits page /products/lime-punch-mesh-highwaisted div.swatch-element.md",
              "timedOut": null,
              "duration": 5915,
              "state": "passed",
              "speed": "medium",
              "pass": true,
              "fail": false,
              "pending": false,
              "context": null,
              "code": "cy.visit(pdps[i]); // getIframeBody().find('#closeIconContainer').should('have.class', 'css-upw05v').click();\n// console.log(JSON.stringify(pdps))\ncy.wait(1000);\ncy.get(`.proVariants ${size}`).then($size => {\n  if ($size.hasClass('soldout')) {\n    expect('soldout').to.equal('available');\n  } else if ($size.hasClass('available')) {\n    expect('available').to.equal('available');\n  } else {\n    throw new Error('did not see available or solout ');\n  }\n});",
              "err": {},
              "uuid": "2a2910cf-084f-4d9f-9267-4adbf988b5ac",
              "parentUUID": "996906ba-6d66-440a-a0c0-5bc0de7c38df",
              "isHook": false,
              "skipped": false
            },
            {
              "title": "Visits page /products/grey-seamless-bralette div.swatch-element.md",
              "fullTitle": "Start of test for href and check size MD is available Visits page /products/grey-seamless-bralette div.swatch-element.md",
              "timedOut": null,
              "duration": 6996,
              "state": "failed",
              "speed": null,
              "pass": false,
              "fail": true,
              "pending": false,
              "context": null,
              "code": "cy.visit(pdps[i]); // getIframeBody().find('#closeIconContainer').should('have.class', 'css-upw05v').click();\n// console.log(JSON.stringify(pdps))\ncy.wait(1000);\ncy.get(`.proVariants ${size}`).then($size => {\n  if ($size.hasClass('soldout')) {\n    expect('soldout').to.equal('available');\n  } else if ($size.hasClass('available')) {\n    expect('available').to.equal('available');\n  } else {\n    throw new Error('did not see available or solout ');\n  }\n});",
              "err": {
                "message": "AssertionError: expected 'soldout' to equal 'available'",
                "estack": "AssertionError: expected 'soldout' to equal 'available'\n    at Context.eval (webpack:///./cypress/e2e/addToCart-ShopAllcheckSizePart2-SM.cy.js:70:41)",
                "diff": "- 'soldout'\n+ 'available'\n"
              },
              "uuid": "67e528a5-ffcb-48a7-8f23-ef5876df4e4d",
              "parentUUID": "996906ba-6d66-440a-a0c0-5bc0de7c38df",
              "isHook": false,
              "skipped": false
            },
            {
              "title": "Visits page /products/grey-brief-panties div.swatch-element.md",
              "fullTitle": "Start of test for href and check size MD is available Visits page /products/grey-brief-panties div.swatch-element.md",
              "timedOut": null,
              "duration": 8181,
              "state": "failed",
              "speed": null,
              "pass": false,
              "fail": true,
              "pending": false,
              "context": null,
              "code": "cy.visit(pdps[i]); // getIframeBody().find('#closeIconContainer').should('have.class', 'css-upw05v').click();\n// console.log(JSON.stringify(pdps))\ncy.wait(1000);\ncy.get(`.proVariants ${size}`).then($size => {\n  if ($size.hasClass('soldout')) {\n    expect('soldout').to.equal('available');\n  } else if ($size.hasClass('available')) {\n    expect('available').to.equal('available');\n  } else {\n    throw new Error('did not see available or solout ');\n  }\n});",
              "err": {
                "message": "AssertionError: expected 'soldout' to equal 'available'",
                "estack": "AssertionError: expected 'soldout' to equal 'available'\n    at Context.eval (webpack:///./cypress/e2e/addToCart-ShopAllcheckSizePart2-SM.cy.js:70:41)",
                "diff": "- 'soldout'\n+ 'available'\n"
              },
              "uuid": "7753696d-67c3-4486-b4c9-62b8e1c5d590",
              "parentUUID": "996906ba-6d66-440a-a0c0-5bc0de7c38df",
              "isHook": false,
              "skipped": false
            },
            {
              "title": "Visits page /products/laurel-green-cotton-bralette div.swatch-element.md",
              "fullTitle": "Start of test for href and check size MD is available Visits page /products/laurel-green-cotton-bralette div.swatch-element.md",
              "timedOut": null,
              "duration": 6334,
              "state": "passed",
              "speed": "medium",
              "pass": true,
              "fail": false,
              "pending": false,
              "context": null,
              "code": "cy.visit(pdps[i]); // getIframeBody().find('#closeIconContainer').should('have.class', 'css-upw05v').click();\n// console.log(JSON.stringify(pdps))\ncy.wait(1000);\ncy.get(`.proVariants ${size}`).then($size => {\n  if ($size.hasClass('soldout')) {\n    expect('soldout').to.equal('available');\n  } else if ($size.hasClass('available')) {\n    expect('available').to.equal('available');\n  } else {\n    throw new Error('did not see available or solout ');\n  }\n});",
              "err": {},
              "uuid": "2c133a4c-232c-4924-9b3c-3deca35b0639",
              "parentUUID": "996906ba-6d66-440a-a0c0-5bc0de7c38df",
              "isHook": false,
              "skipped": false
            },
            {
              "title": "Visits page /products/keepsake-lilac-bralette div.swatch-element.md",
              "fullTitle": "Start of test for href and check size MD is available Visits page /products/keepsake-lilac-bralette div.swatch-element.md",
              "timedOut": null,
              "duration": 7843,
              "state": "failed",
              "speed": null,
              "pass": false,
              "fail": true,
              "pending": false,
              "context": null,
              "code": "cy.visit(pdps[i]); // getIframeBody().find('#closeIconContainer').should('have.class', 'css-upw05v').click();\n// console.log(JSON.stringify(pdps))\ncy.wait(1000);\ncy.get(`.proVariants ${size}`).then($size => {\n  if ($size.hasClass('soldout')) {\n    expect('soldout').to.equal('available');\n  } else if ($size.hasClass('available')) {\n    expect('available').to.equal('available');\n  } else {\n    throw new Error('did not see available or solout ');\n  }\n});",
              "err": {
                "message": "AssertionError: expected 'soldout' to equal 'available'",
                "estack": "AssertionError: expected 'soldout' to equal 'available'\n    at Context.eval (webpack:///./cypress/e2e/addToCart-ShopAllcheckSizePart2-SM.cy.js:70:41)",
                "diff": "- 'soldout'\n+ 'available'\n"
              },
              "uuid": "71d9b95f-8939-4bab-b1b8-dfffaf7a0a39",
              "parentUUID": "996906ba-6d66-440a-a0c0-5bc0de7c38df",
              "isHook": false,
              "skipped": false
            },
            {
              "title": "Visits page /products/keepsake-lilac-high-waisted-panties div.swatch-element.md",
              "fullTitle": "Start of test for href and check size MD is available Visits page /products/keepsake-lilac-high-waisted-panties div.swatch-element.md",
              "timedOut": null,
              "duration": 7378,
              "state": "failed",
              "speed": null,
              "pass": false,
              "fail": true,
              "pending": false,
              "context": null,
              "code": "cy.visit(pdps[i]); // getIframeBody().find('#closeIconContainer').should('have.class', 'css-upw05v').click();\n// console.log(JSON.stringify(pdps))\ncy.wait(1000);\ncy.get(`.proVariants ${size}`).then($size => {\n  if ($size.hasClass('soldout')) {\n    expect('soldout').to.equal('available');\n  } else if ($size.hasClass('available')) {\n    expect('available').to.equal('available');\n  } else {\n    throw new Error('did not see available or solout ');\n  }\n});",
              "err": {
                "message": "AssertionError: expected 'soldout' to equal 'available'",
                "estack": "AssertionError: expected 'soldout' to equal 'available'\n    at Context.eval (webpack:///./cypress/e2e/addToCart-ShopAllcheckSizePart2-SM.cy.js:70:41)",
                "diff": "- 'soldout'\n+ 'available'\n"
              },
              "uuid": "ab690708-b214-429d-a6fe-d873dca450c0",
              "parentUUID": "996906ba-6d66-440a-a0c0-5bc0de7c38df",
              "isHook": false,
              "skipped": false
            },
            {
              "title": "Visits page /products/keepsake-lilac-bikini-panties div.swatch-element.md",
              "fullTitle": "Start of test for href and check size MD is available Visits page /products/keepsake-lilac-bikini-panties div.swatch-element.md",
              "timedOut": null,
              "duration": 7738,
              "state": "failed",
              "speed": null,
              "pass": false,
              "fail": true,
              "pending": false,
              "context": null,
              "code": "cy.visit(pdps[i]); // getIframeBody().find('#closeIconContainer').should('have.class', 'css-upw05v').click();\n// console.log(JSON.stringify(pdps))\ncy.wait(1000);\ncy.get(`.proVariants ${size}`).then($size => {\n  if ($size.hasClass('soldout')) {\n    expect('soldout').to.equal('available');\n  } else if ($size.hasClass('available')) {\n    expect('available').to.equal('available');\n  } else {\n    throw new Error('did not see available or solout ');\n  }\n});",
              "err": {
                "message": "AssertionError: expected 'soldout' to equal 'available'",
                "estack": "AssertionError: expected 'soldout' to equal 'available'\n    at Context.eval (webpack:///./cypress/e2e/addToCart-ShopAllcheckSizePart2-SM.cy.js:70:41)",
                "diff": "- 'soldout'\n+ 'available'\n"
              },
              "uuid": "bad4efd4-d218-4c96-98d9-8c50482e013e",
              "parentUUID": "996906ba-6d66-440a-a0c0-5bc0de7c38df",
              "isHook": false,
              "skipped": false
            },
            {
              "title": "Visits page /products/rose-dust-pink-thong-panties div.swatch-element.md",
              "fullTitle": "Start of test for href and check size MD is available Visits page /products/rose-dust-pink-thong-panties div.swatch-element.md",
              "timedOut": null,
              "duration": 8308,
              "state": "failed",
              "speed": null,
              "pass": false,
              "fail": true,
              "pending": false,
              "context": null,
              "code": "cy.visit(pdps[i]); // getIframeBody().find('#closeIconContainer').should('have.class', 'css-upw05v').click();\n// console.log(JSON.stringify(pdps))\ncy.wait(1000);\ncy.get(`.proVariants ${size}`).then($size => {\n  if ($size.hasClass('soldout')) {\n    expect('soldout').to.equal('available');\n  } else if ($size.hasClass('available')) {\n    expect('available').to.equal('available');\n  } else {\n    throw new Error('did not see available or solout ');\n  }\n});",
              "err": {
                "message": "AssertionError: expected 'soldout' to equal 'available'",
                "estack": "AssertionError: expected 'soldout' to equal 'available'\n    at Context.eval (webpack:///./cypress/e2e/addToCart-ShopAllcheckSizePart2-SM.cy.js:70:41)",
                "diff": "- 'soldout'\n+ 'available'\n"
              },
              "uuid": "6621a97f-f7ef-46bb-90f9-461cc5d0ff47",
              "parentUUID": "996906ba-6d66-440a-a0c0-5bc0de7c38df",
              "isHook": false,
              "skipped": false
            },
            {
              "title": "Visits page /products/laurel-green-cotton-brief div.swatch-element.md",
              "fullTitle": "Start of test for href and check size MD is available Visits page /products/laurel-green-cotton-brief div.swatch-element.md",
              "timedOut": null,
              "duration": 7418,
              "state": "passed",
              "speed": "medium",
              "pass": true,
              "fail": false,
              "pending": false,
              "context": null,
              "code": "cy.visit(pdps[i]); // getIframeBody().find('#closeIconContainer').should('have.class', 'css-upw05v').click();\n// console.log(JSON.stringify(pdps))\ncy.wait(1000);\ncy.get(`.proVariants ${size}`).then($size => {\n  if ($size.hasClass('soldout')) {\n    expect('soldout').to.equal('available');\n  } else if ($size.hasClass('available')) {\n    expect('available').to.equal('available');\n  } else {\n    throw new Error('did not see available or solout ');\n  }\n});",
              "err": {},
              "uuid": "a2a1cf73-3f1f-457e-a76a-b39726d3d1f8",
              "parentUUID": "996906ba-6d66-440a-a0c0-5bc0de7c38df",
              "isHook": false,
              "skipped": false
            },
            {
              "title": "Visits page /products/laurel-green-cotton-bikini div.swatch-element.md",
              "fullTitle": "Start of test for href and check size MD is available Visits page /products/laurel-green-cotton-bikini div.swatch-element.md",
              "timedOut": null,
              "duration": 7273,
              "state": "passed",
              "speed": "medium",
              "pass": true,
              "fail": false,
              "pending": false,
              "context": null,
              "code": "cy.visit(pdps[i]); // getIframeBody().find('#closeIconContainer').should('have.class', 'css-upw05v').click();\n// console.log(JSON.stringify(pdps))\ncy.wait(1000);\ncy.get(`.proVariants ${size}`).then($size => {\n  if ($size.hasClass('soldout')) {\n    expect('soldout').to.equal('available');\n  } else if ($size.hasClass('available')) {\n    expect('available').to.equal('available');\n  } else {\n    throw new Error('did not see available or solout ');\n  }\n});",
              "err": {},
              "uuid": "95aefa06-aa6e-4db7-9f9b-62b6a7e6fad7",
              "parentUUID": "996906ba-6d66-440a-a0c0-5bc0de7c38df",
              "isHook": false,
              "skipped": false
            },
            {
              "title": "Visits page /products/piki-highwaisted div.swatch-element.md",
              "fullTitle": "Start of test for href and check size MD is available Visits page /products/piki-highwaisted div.swatch-element.md",
              "timedOut": null,
              "duration": 6939,
              "state": "passed",
              "speed": "medium",
              "pass": true,
              "fail": false,
              "pending": false,
              "context": null,
              "code": "cy.visit(pdps[i]); // getIframeBody().find('#closeIconContainer').should('have.class', 'css-upw05v').click();\n// console.log(JSON.stringify(pdps))\ncy.wait(1000);\ncy.get(`.proVariants ${size}`).then($size => {\n  if ($size.hasClass('soldout')) {\n    expect('soldout').to.equal('available');\n  } else if ($size.hasClass('available')) {\n    expect('available').to.equal('available');\n  } else {\n    throw new Error('did not see available or solout ');\n  }\n});",
              "err": {},
              "uuid": "96051e03-5f54-4e96-8807-6dfe4bce0ff4",
              "parentUUID": "996906ba-6d66-440a-a0c0-5bc0de7c38df",
              "isHook": false,
              "skipped": false
            }
          ],
          "suites": [],
          "passes": [
            "0c4ab517-19dc-479f-bbdb-2a90536dcec4",
            "f9a0f824-5ed8-4351-8aae-0d457a68d123",
            "8dadede6-7a95-4917-9356-43ba8c360b46",
            "1fadf6fa-80d3-4614-9e3e-4b150ca7f089",
            "6c780bd6-be61-448e-9043-8053c4b09223",
            "6fe4b0b2-d80f-4252-b3de-14a28eab8bd1",
            "7e3f3245-3e74-4768-b246-5d032393164e",
            "f0efd4ae-b3a9-413b-a3a5-de72c9c8b5e1",
            "523d1f02-65c8-44bb-a1bf-419ba443cfe3",
            "438a376c-9b0a-4213-9ce1-dff061c916ab",
            "208c9c58-8431-474b-81e9-e55a42575863",
            "6da50b20-7d65-49f2-8026-cb0408416834",
            "966945e0-845b-485c-bdc8-ab86073131bc",
            "fe9f2734-219a-4d99-9030-760b834db858",
            "f020950f-62af-493e-b8b2-e115fc7a85e3",
            "25b44d6d-36c7-4196-addc-21ec15051a90",
            "ee8eda09-b710-401c-8ecb-acfed5710e2e",
            "52f7461c-44ce-45c7-9d52-1f2ef870f146",
            "31e96482-4b8d-433f-8a2e-e0384d11a144",
            "1a8900cc-36e3-47e9-a63a-555cf2c19379",
            "7ced1f4e-579c-4b23-9dc5-cd685fcdaafc",
            "d747d99f-1c3e-450e-bba4-9ac82c68c95d",
            "db3b4e97-10c6-4c44-a67c-09d976266204",
            "97967b60-94a4-4ff0-b4ab-c830d6fdc2d3",
            "9679cbe3-6f1c-42bc-a330-2af707a7865d",
            "b5cc90c0-09f8-4496-9bd4-094aff13082a",
            "f7ea35a7-398f-4e3e-8be1-93786da691e2",
            "128e9068-f4f9-4de5-9ff0-d2fc4f29972b",
            "c566077c-1396-41bb-be99-09842878e7ff",
            "b0b13657-796f-46b9-8da0-76f6ebd730e5",
            "b837b5c8-8b31-4d37-a496-bf6eb0eb14c5",
            "aa577d5a-611e-4536-b531-22531523cf65",
            "d5ffad3d-2519-4200-abbc-3adc4ba0cafa",
            "f1e0d416-43ed-4e68-95bb-450e9f27ac6e",
            "758393e1-ff6f-4d10-8375-b812afa9d8ca",
            "7014d8ee-6e7d-486a-a7c3-e1d4096de7c7",
            "15773041-93f5-4b54-9d89-3a67d1243f28",
            "037ec5e5-6463-486c-8d75-dfc9c0b73364",
            "1536fd46-feb6-4ec9-a2da-5788102c151c",
            "192d4dc3-7e11-4ccb-998d-4a97015323a0",
            "21c18582-4100-4efb-8aab-a481351bc51b",
            "d915ce9e-12b7-4ec7-a614-7351b29e266b",
            "c13a0cbc-36fb-4cbd-a05b-33cfe7072374",
            "78ee29b5-f0ab-4ec7-a856-7cd3a2830f95",
            "49a480be-e30e-4217-9758-e3c4a6814f11",
            "28be79a0-0751-4d81-8984-67f408d0b5fb",
            "4cf00fe1-3911-4807-8e37-420a84f455c9",
            "8906b4ab-b28f-4ddf-bced-c0fa9afd270a",
            "2a2910cf-084f-4d9f-9267-4adbf988b5ac",
            "2c133a4c-232c-4924-9b3c-3deca35b0639",
            "a2a1cf73-3f1f-457e-a76a-b39726d3d1f8",
            "95aefa06-aa6e-4db7-9f9b-62b6a7e6fad7",
            "96051e03-5f54-4e96-8807-6dfe4bce0ff4"
          ],
          "failures": [
            "c1759a16-0612-48a8-a92f-b1c19d0dc6ba",
            "b6baf7c9-82e0-4ddc-9e60-dea13283cdaf",
            "4921c3b8-72ce-42f8-8f37-f94270071bf0",
            "f357ace3-ac0d-4a47-9d91-95c9dd36e6c6",
            "19bef672-4723-4295-b34d-1521c4d770e9",
            "0c00f7f0-de90-42be-b0e4-f93f18f3fc40",
            "4c465f23-545e-4f20-801c-91d064269d60",
            "34d01dd8-56f3-4541-959f-701ed8c75df4",
            "0d1d536c-0bf5-4b1e-b90f-79e77301cd9e",
            "02370339-d8ad-48f6-8a7a-ec1c7e0ae2b5",
            "44b5c471-c4e8-49c2-a026-27c54aec8f93",
            "67e528a5-ffcb-48a7-8f23-ef5876df4e4d",
            "7753696d-67c3-4486-b4c9-62b8e1c5d590",
            "71d9b95f-8939-4bab-b1b8-dfffaf7a0a39",
            "ab690708-b214-429d-a6fe-d873dca450c0",
            "bad4efd4-d218-4c96-98d9-8c50482e013e",
            "6621a97f-f7ef-46bb-90f9-461cc5d0ff47"
          ],
          "pending": [],
          "skipped": [],
          "duration": 486119,
          "root": false,
          "rootEmpty": false,
          "_timeout": 2000
        }
      ],
      "passes": [],
      "failures": [],
      "pending": [],
      "skipped": [],
      "duration": 0,
      "root": true,
      "rootEmpty": true,
      "_timeout": 2000
    }
  ],
  "meta": {
    "mocha": {
      "version": "7.0.1"
    },
    "mochawesome": {
      "options": {
        "quiet": false,
        "reportFilename": "mochawesome",
        "saveHtml": true,
        "saveJson": true,
        "consoleReporter": "spec",
        "useInlineDiffs": false,
        "code": true
      },
      "version": "7.1.3"
    },
    "marge": {
      "options": null,
      "version": "6.2.0"
    }
  }
}